<?xml version="1.0" encoding="UTF-8"?>
<testsuite xmlns:xsi="http://www.w3.org/2001/XMLSchema-instance" xsi:noNamespaceSchemaLocation="https://maven.apache.org/surefire/maven-surefire-plugin/xsd/surefire-test-report-3.0.xsd" version="3.0" name="com.maven.SpringJunitApp.AppTest" time="0.115" tests="5" errors="0" skipped="1" failures="2">
  <properties>
[...]
</properties>
  <testcase name="testAmountDiscountandTaxes" classname="com.maven.SpringJunitApp.AppTest" time="0.039">
    <failure message="expected: &lt;1181.0&gt; but was: &lt;1180.0&gt;" type="org.opentest4j.AssertionFailedError"><![CDATA[org.opentest4j.AssertionFailedError: expected: <1181.0> but was: <1180.0>
	at org.junit.jupiter.api.AssertionFailureBuilder.build(AssertionFailureBuilder.java:151)
	at org.junit.jupiter.api.AssertionFailureBuilder.buildAndThrow(AssertionFailureBuilder.java:132)
	at org.junit.jupiter.api.AssertEquals.failNotEqual(AssertEquals.java:197)
	at org.junit.jupiter.api.AssertEquals.assertEquals(AssertEquals.java:182)
	at org.junit.jupiter.api.AssertEquals.assertEquals(AssertEquals.java:177)
	at org.junit.jupiter.api.Assertions.assertEquals(Assertions.java:898)
	at com.maven.SpringJunitApp.AppTest.testAmountDiscountandTaxes(AppTest.java:76)
	at java.lang.reflect.Method.invoke(Method.java:498)
	at java.util.ArrayList.forEach(ArrayList.java:1259)
	at java.util.ArrayList.forEach(ArrayList.java:1259)
]]></failure>
    <system-out><![CDATA[MtTestAnnotation:beforeAll
check Amount
After each test 
]]></system-out>
  </testcase>
  <testcase name="myTest" classname="com.maven.SpringJunitApp.AppTest" time="0.006">
    <failure message="test case failed" type="org.opentest4j.AssertionFailedError"><![CDATA[org.opentest4j.AssertionFailedError: test case failed
	at org.junit.jupiter.api.AssertionUtils.fail(AssertionUtils.java:38)
	at org.junit.jupiter.api.Assertions.fail(Assertions.java:138)
	at com.maven.SpringJunitApp.AppTest.myTest(AppTest.java:87)
	at java.lang.reflect.Method.invoke(Method.java:498)
	at java.util.ArrayList.forEach(ArrayList.java:1259)
	at java.util.ArrayList.forEach(ArrayList.java:1259)
]]></failure>
    <system-out><![CDATA[check Amount
Checking test method
After each test 
]]></system-out>
  </testcase>
  <testcase name="testPromoCode" classname="com.maven.SpringJunitApp.AppTest" time="0.002">
    <system-out><![CDATA[check Amount
After each test 
]]></system-out>
  </testcase>
  <testcase name="testDiscount" classname="com.maven.SpringJunitApp.AppTest" time="0.003">
    <system-out><![CDATA[check Amount
After each test 
]]></system-out>
  </testcase>
  <testcase name="testAmountDiscount" classname="com.maven.SpringJunitApp.AppTest" time="0.0">
    <skipped message="public void com.maven.SpringJunitApp.AppTest.testAmountDiscount() is @Disabled"/>
  </testcase>
</testsuite>